<?xml version="1.0" encoding="UTF-8"?>
<!-- Generated by org.testng.reporters.JUnitXMLReporter -->
<testsuite hostname="Deepak-Sharma1" ignored="0" name="Test_Run1" tests="1" failures="0" timestamp="03 Jul 2019 11:17:10 GMT" time="73.514" errors="0">
  <testcase name="@AfterMethod Logout" time="0.017" classname="com.pfl.automation.base.BaseTest">
    <failure type="org.openqa.selenium.WebDriverException" message="Session [37a0c478-6b68-4667-94b5-f1e4f8b534d0] was terminated due to BROWSER_TIMEOUT
Build info: version: &amp;apos;3.141.59&amp;apos;, revision: &amp;apos;e82be7d358&amp;apos;, time: &amp;apos;2018-11-14T08:17:03&amp;apos;
System info: host: &amp;apos;DEEPAK-SHARMA1&amp;apos;, ip: &amp;apos;172.16.17.183&amp;apos;, os.name: &amp;apos;Windows 10&amp;apos;, os.arch: &amp;apos;amd64&amp;apos;, os.version: &amp;apos;10.0&amp;apos;, java.version: &amp;apos;1.8.0_191&amp;apos;
Driver info: org.openqa.selenium.remote.RemoteWebDriver
Capabilities {acceptInsecureCerts: true, browserName: firefox, browserVersion: 66.0.5, javascriptEnabled: true, moz:accessibilityChecks: false, moz:geckodriverVersion: 0.24.0, moz:headless: false, moz:processID: 15736, moz:profile: C:\Users\Deepak\AppData\Loc..., moz:shutdownTimeout: 60000, moz:useNonSpecCompliantPointerOrigin: false, moz:webdriverClick: true, pageLoadStrategy: normal, platform: WINDOWS, platformName: WINDOWS, platformVersion: 10.0, rotatable: false, setWindowRect: true, strictFileInteractability: false, timeouts: {implicit: 0, pageLoad: 300000, script: 30000}, unhandledPromptBehavior: dismiss and notify, webdriver.remote.sessionid: 37a0c478-6b68-4667-94b5-f1e...}
Session ID: 37a0c478-6b68-4667-94b5-f1e4f8b534d0">
      <![CDATA[org.openqa.selenium.WebDriverException: Session [37a0c478-6b68-4667-94b5-f1e4f8b534d0] was terminated due to BROWSER_TIMEOUT
Build info: version: '3.141.59', revision: 'e82be7d358', time: '2018-11-14T08:17:03'
System info: host: 'DEEPAK-SHARMA1', ip: '172.16.17.183', os.name: 'Windows 10', os.arch: 'amd64', os.version: '10.0', java.version: '1.8.0_191'
Driver info: org.openqa.selenium.remote.RemoteWebDriver
Capabilities {acceptInsecureCerts: true, browserName: firefox, browserVersion: 66.0.5, javascriptEnabled: true, moz:accessibilityChecks: false, moz:geckodriverVersion: 0.24.0, moz:headless: false, moz:processID: 15736, moz:profile: C:\Users\Deepak\AppData\Loc..., moz:shutdownTimeout: 60000, moz:useNonSpecCompliantPointerOrigin: false, moz:webdriverClick: true, pageLoadStrategy: normal, platform: WINDOWS, platformName: WINDOWS, platformVersion: 10.0, rotatable: false, setWindowRect: true, strictFileInteractability: false, timeouts: {implicit: 0, pageLoad: 300000, script: 30000}, unhandledPromptBehavior: dismiss and notify, webdriver.remote.sessionid: 37a0c478-6b68-4667-94b5-f1e...}
Session ID: 37a0c478-6b68-4667-94b5-f1e4f8b534d0
at org.openqa.selenium.remote.http.W3CHttpResponseCodec.createException(W3CHttpResponseCodec.java:187)
at org.openqa.selenium.remote.http.W3CHttpResponseCodec.decode(W3CHttpResponseCodec.java:122)
at org.openqa.selenium.remote.http.W3CHttpResponseCodec.decode(W3CHttpResponseCodec.java:49)
at org.openqa.selenium.remote.HttpCommandExecutor.execute(HttpCommandExecutor.java:158)
at org.openqa.selenium.remote.RemoteWebDriver.execute(RemoteWebDriver.java:552)
at org.openqa.selenium.remote.RemoteWebDriver.execute(RemoteWebDriver.java:609)
at org.openqa.selenium.remote.RemoteWebDriver.getScreenshotAs(RemoteWebDriver.java:295)
at com.pfl.automation.base.BaseTest.deeptakescreenshot(BaseTest.java:1018)
at com.pfl.automation.base.BaseTest.getresult(BaseTest.java:1050)
at com.pfl.automation.base.BaseTest.Logout(BaseTest.java:240)
at java.util.concurrent.FutureTask.run(Unknown Source)
at java.util.concurrent.ThreadPoolExecutor.runWorker(Unknown Source)
at java.util.concurrent.ThreadPoolExecutor$Worker.run(Unknown Source)
at java.lang.Thread.run(Unknown Source)
... Removed 23 stack frames]]>
    </failure>
  </testcase> <!-- @AfterMethod Logout -->
  <testcase name="@AfterTest tearDown" time="2.713" classname="com.pfl.automation.base.BaseTest">
    <failure type="org.openqa.selenium.WebDriverException" message="Session [37a0c478-6b68-4667-94b5-f1e4f8b534d0] was terminated due to BROWSER_TIMEOUT
Build info: version: &amp;apos;3.141.59&amp;apos;, revision: &amp;apos;e82be7d358&amp;apos;, time: &amp;apos;2018-11-14T08:17:03&amp;apos;
System info: host: &amp;apos;DEEPAK-SHARMA1&amp;apos;, ip: &amp;apos;172.16.17.183&amp;apos;, os.name: &amp;apos;Windows 10&amp;apos;, os.arch: &amp;apos;amd64&amp;apos;, os.version: &amp;apos;10.0&amp;apos;, java.version: &amp;apos;1.8.0_191&amp;apos;
Driver info: org.openqa.selenium.remote.RemoteWebDriver
Capabilities {acceptInsecureCerts: true, browserName: firefox, browserVersion: 66.0.5, javascriptEnabled: true, moz:accessibilityChecks: false, moz:geckodriverVersion: 0.24.0, moz:headless: false, moz:processID: 15736, moz:profile: C:\Users\Deepak\AppData\Loc..., moz:shutdownTimeout: 60000, moz:useNonSpecCompliantPointerOrigin: false, moz:webdriverClick: true, pageLoadStrategy: normal, platform: WINDOWS, platformName: WINDOWS, platformVersion: 10.0, rotatable: false, setWindowRect: true, strictFileInteractability: false, timeouts: {implicit: 0, pageLoad: 300000, script: 30000}, unhandledPromptBehavior: dismiss and notify, webdriver.remote.sessionid: 37a0c478-6b68-4667-94b5-f1e...}
Session ID: 37a0c478-6b68-4667-94b5-f1e4f8b534d0">
      <![CDATA[org.openqa.selenium.WebDriverException: Session [37a0c478-6b68-4667-94b5-f1e4f8b534d0] was terminated due to BROWSER_TIMEOUT
Build info: version: '3.141.59', revision: 'e82be7d358', time: '2018-11-14T08:17:03'
System info: host: 'DEEPAK-SHARMA1', ip: '172.16.17.183', os.name: 'Windows 10', os.arch: 'amd64', os.version: '10.0', java.version: '1.8.0_191'
Driver info: org.openqa.selenium.remote.RemoteWebDriver
Capabilities {acceptInsecureCerts: true, browserName: firefox, browserVersion: 66.0.5, javascriptEnabled: true, moz:accessibilityChecks: false, moz:geckodriverVersion: 0.24.0, moz:headless: false, moz:processID: 15736, moz:profile: C:\Users\Deepak\AppData\Loc..., moz:shutdownTimeout: 60000, moz:useNonSpecCompliantPointerOrigin: false, moz:webdriverClick: true, pageLoadStrategy: normal, platform: WINDOWS, platformName: WINDOWS, platformVersion: 10.0, rotatable: false, setWindowRect: true, strictFileInteractability: false, timeouts: {implicit: 0, pageLoad: 300000, script: 30000}, unhandledPromptBehavior: dismiss and notify, webdriver.remote.sessionid: 37a0c478-6b68-4667-94b5-f1e...}
Session ID: 37a0c478-6b68-4667-94b5-f1e4f8b534d0
at org.openqa.selenium.remote.http.W3CHttpResponseCodec.createException(W3CHttpResponseCodec.java:187)
at org.openqa.selenium.remote.http.W3CHttpResponseCodec.decode(W3CHttpResponseCodec.java:122)
at org.openqa.selenium.remote.http.W3CHttpResponseCodec.decode(W3CHttpResponseCodec.java:49)
at org.openqa.selenium.remote.HttpCommandExecutor.execute(HttpCommandExecutor.java:158)
at org.openqa.selenium.remote.RemoteWebDriver.execute(RemoteWebDriver.java:552)
at org.openqa.selenium.remote.RemoteWebDriver.execute(RemoteWebDriver.java:609)
at org.openqa.selenium.remote.RemoteWebDriver.quit(RemoteWebDriver.java:452)
at com.pfl.automation.base.BaseTest.closebrowser(BaseTest.java:709)
at com.pfl.automation.base.BaseTest.tearDown(BaseTest.java:252)
at java.util.concurrent.FutureTask.run(Unknown Source)
at java.util.concurrent.ThreadPoolExecutor.runWorker(Unknown Source)
at java.util.concurrent.ThreadPoolExecutor$Worker.run(Unknown Source)
at java.lang.Thread.run(Unknown Source)
... Removed 19 stack frames]]>
    </failure>
  </testcase> <!-- @AfterTest tearDown -->
  <testcase name="@BeforeMethod LogIn" time="0.0" classname="com.pfl.automation.base.BaseTest">
    <skipped/>
  </testcase> <!-- @BeforeMethod LogIn -->
  <testcase name="@AfterMethod Logout" time="0.0" classname="com.pfl.automation.base.BaseTest">
    <skipped/>
  </testcase> <!-- @AfterMethod Logout -->
  <testcase name="@BeforeMethod LogIn" time="0.0" classname="com.pfl.automation.base.BaseTest">
    <skipped/>
  </testcase> <!-- @BeforeMethod LogIn -->
  <testcase name="@AfterMethod Logout" time="0.0" classname="com.pfl.automation.base.BaseTest">
    <skipped/>
  </testcase> <!-- @AfterMethod Logout -->
  <testcase name="TC01" time="60.204" classname="com.pfl.automation.org62.testcases.TS02_Administration_verify_program"/>
</testsuite> <!-- Test_Run1 -->
