<?xml version="1.0" encoding="UTF-8"?>
<testsuite name="TestSuite" time="69.013" tests="37" errors="0" skipped="33" failures="4">
  <properties>
    <property name="java.runtime.name" value="Java(TM) SE Runtime Environment"/>
    <property name="sun.boot.library.path" value="C:\Program Files\Java\jdk1.8.0_191\jre\bin"/>
    <property name="java.vm.version" value="25.191-b12"/>
    <property name="java.vm.vendor" value="Oracle Corporation"/>
    <property name="maven.multiModuleProjectDirectory" value="C:\Users\Deepak\Documents\pfl_pom_framework"/>
    <property name="java.vendor.url" value="http://java.oracle.com/"/>
    <property name="path.separator" value=";"/>
    <property name="guice.disable.misplaced.annotation.check" value="true"/>
    <property name="java.vm.name" value="Java HotSpot(TM) 64-Bit Server VM"/>
    <property name="file.encoding.pkg" value="sun.io"/>
    <property name="user.script" value=""/>
    <property name="user.country" value="IN"/>
    <property name="sun.java.launcher" value="SUN_STANDARD"/>
    <property name="sun.os.patch.level" value=""/>
    <property name="java.vm.specification.name" value="Java Virtual Machine Specification"/>
    <property name="user.dir" value="C:\Users\Deepak\Documents\pfl_pom_framework"/>
    <property name="java.runtime.version" value="1.8.0_191-b12"/>
    <property name="java.awt.graphicsenv" value="sun.awt.Win32GraphicsEnvironment"/>
    <property name="java.endorsed.dirs" value="C:\Program Files\Java\jdk1.8.0_191\jre\lib\endorsed"/>
    <property name="os.arch" value="amd64"/>
    <property name="java.io.tmpdir" value="C:\Users\Deepak\AppData\Local\Temp\"/>
    <property name="line.separator" value="&#10;"/>
    <property name="java.vm.specification.vendor" value="Oracle Corporation"/>
    <property name="user.variant" value=""/>
    <property name="os.name" value="Windows 10"/>
    <property name="classworlds.conf" value="C:\Program Files\apache\apache-maven-3.6.0\bin\..\bin\m2.conf"/>
    <property name="sun.jnu.encoding" value="Cp1252"/>
    <property name="java.library.path" value="C:\Program Files\Java\jdk1.8.0_191\bin;C:\Windows\Sun\Java\bin;C:\Windows\system32;C:\Windows;C:\Program Files (x86)\Common Files\Oracle\Java\javapath;C:\Ruby25-x64\bin;C:\Program Files (x86)\Intel\Intel(R) Management Engine Components\iCLS\;C:\Program Files\Intel\Intel(R) Management Engine Components\iCLS\;C:\Windows\system32;C:\Windows;C:\Windows\System32\Wbem;C:\Windows\System32\WindowsPowerShell\v1.0\;C:\Windows\System32\OpenSSH\;C:\Program Files (x86)\Intel\Intel(R) Management Engine Components\DAL;C:\Program Files\Intel\Intel(R) Management Engine Components\DAL;C:\Program Files (x86)\Intel\Intel(R) Management Engine Components\IPT;C:\Program Files\Intel\Intel(R) Management Engine Components\IPT;C:\Program Files\Symantec.cloud\PlatformAgent\;C:\Drivers;C:\Program Files\Git\cmd;C:\Ruby25-x64\bin;C:\Users\Deepak\AppData\Local\Microsoft\WindowsApps;C:\Program Files\Java\jdk1.8.0_191\bin;C:\Program Files\apache\apache-maven-3.6.0\bin;;."/>
    <property name="maven.conf" value="C:\Program Files\apache\apache-maven-3.6.0\bin\../conf"/>
    <property name="java.specification.name" value="Java Platform API Specification"/>
    <property name="java.class.version" value="52.0"/>
    <property name="sun.management.compiler" value="HotSpot 64-Bit Tiered Compilers"/>
    <property name="os.version" value="10.0"/>
    <property name="library.jansi.path" value="C:\Program Files\apache\apache-maven-3.6.0\bin\..\lib\jansi-native"/>
    <property name="user.home" value="C:\Users\Deepak"/>
    <property name="user.timezone" value="Asia/Calcutta"/>
    <property name="java.awt.printerjob" value="sun.awt.windows.WPrinterJob"/>
    <property name="java.specification.version" value="1.8"/>
    <property name="file.encoding" value="Cp1252"/>
    <property name="user.name" value="Deepak"/>
    <property name="java.class.path" value="C:\Program Files\apache\apache-maven-3.6.0\bin\..\boot\plexus-classworlds-2.5.2.jar"/>
    <property name="java.vm.specification.version" value="1.8"/>
    <property name="sun.arch.data.model" value="64"/>
    <property name="java.home" value="C:\Program Files\Java\jdk1.8.0_191\jre"/>
    <property name="sun.java.command" value="org.codehaus.plexus.classworlds.launcher.Launcher clean test"/>
    <property name="java.specification.vendor" value="Oracle Corporation"/>
    <property name="user.language" value="en"/>
    <property name="awt.toolkit" value="sun.awt.windows.WToolkit"/>
    <property name="java.vm.info" value="mixed mode"/>
    <property name="java.version" value="1.8.0_191"/>
    <property name="java.ext.dirs" value="C:\Program Files\Java\jdk1.8.0_191\jre\lib\ext;C:\Windows\Sun\Java\lib\ext"/>
    <property name="sun.boot.class.path" value="C:\Program Files\Java\jdk1.8.0_191\jre\lib\resources.jar;C:\Program Files\Java\jdk1.8.0_191\jre\lib\rt.jar;C:\Program Files\Java\jdk1.8.0_191\jre\lib\sunrsasign.jar;C:\Program Files\Java\jdk1.8.0_191\jre\lib\jsse.jar;C:\Program Files\Java\jdk1.8.0_191\jre\lib\jce.jar;C:\Program Files\Java\jdk1.8.0_191\jre\lib\charsets.jar;C:\Program Files\Java\jdk1.8.0_191\jre\lib\jfr.jar;C:\Program Files\Java\jdk1.8.0_191\jre\classes"/>
    <property name="sun.stderr.encoding" value="cp437"/>
    <property name="java.vendor" value="Oracle Corporation"/>
    <property name="maven.home" value="C:\Program Files\apache\apache-maven-3.6.0\bin\.."/>
    <property name="file.separator" value="\"/>
    <property name="java.vendor.url.bug" value="http://bugreport.sun.com/bugreport/"/>
    <property name="sun.cpu.endian" value="little"/>
    <property name="sun.io.unicode.encoding" value="UnicodeLittle"/>
    <property name="sun.stdout.encoding" value="cp437"/>
    <property name="sun.desktop" value="windows"/>
    <property name="sun.cpu.isalist" value="amd64"/>
  </properties>
  <testcase name="LogIn" classname="com.pfl.automation.org62.testcases.TS05_lightning" time="20.151">
    <failure type="java.lang.NullPointerException:">java.lang.NullPointerException: null
	at com.pfl.automation.base.BaseTest.LogIn(BaseTest.java:130)
	at sun.reflect.NativeMethodAccessorImpl.invoke0(Native Method)
	at sun.reflect.NativeMethodAccessorImpl.invoke(NativeMethodAccessorImpl.java:62)
	at sun.reflect.DelegatingMethodAccessorImpl.invoke(DelegatingMethodAccessorImpl.java:43)
	at java.lang.reflect.Method.invoke(Method.java:498)
	at org.testng.internal.MethodInvocationHelper.invokeMethod(MethodInvocationHelper.java:104)
	at org.testng.internal.Invoker.invokeConfigurationMethod(Invoker.java:515)
	at org.testng.internal.Invoker.invokeConfigurations(Invoker.java:217)
	at org.testng.internal.Invoker.invokeMethod(Invoker.java:590)
	at org.testng.internal.Invoker.invokeTestMethod(Invoker.java:851)
	at org.testng.internal.Invoker.invokeTestMethods(Invoker.java:1177)
	at org.testng.internal.TestMethodWorker.invokeTestMethods(TestMethodWorker.java:129)
	at org.testng.internal.TestMethodWorker.run(TestMethodWorker.java:112)
	at org.testng.TestRunner.privateRun(TestRunner.java:756)
	at org.testng.TestRunner.run(TestRunner.java:610)
	at org.testng.SuiteRunner.runTest(SuiteRunner.java:387)
	at org.testng.SuiteRunner.runSequentially(SuiteRunner.java:382)
	at org.testng.SuiteRunner.privateRun(SuiteRunner.java:340)
	at org.testng.SuiteRunner.run(SuiteRunner.java:289)
	at org.testng.SuiteRunnerWorker.runSuite(SuiteRunnerWorker.java:52)
	at org.testng.SuiteRunnerWorker.run(SuiteRunnerWorker.java:86)
	at org.testng.TestNG.runSuitesSequentially(TestNG.java:1293)
	at org.testng.TestNG.runSuitesLocally(TestNG.java:1218)
	at org.testng.TestNG.runSuites(TestNG.java:1133)
	at org.testng.TestNG.run(TestNG.java:1104)
	at org.apache.maven.surefire.testng.TestNGExecutor.run(TestNGExecutor.java:295)
	at org.apache.maven.surefire.testng.TestNGXmlTestSuite.execute(TestNGXmlTestSuite.java:84)
	at org.apache.maven.surefire.testng.TestNGProvider.invoke(TestNGProvider.java:90)
	at org.apache.maven.surefire.booter.ForkedBooter.invokeProviderInSameClassLoader(ForkedBooter.java:203)
	at org.apache.maven.surefire.booter.ForkedBooter.runSuitesInProcess(ForkedBooter.java:155)
	at org.apache.maven.surefire.booter.ForkedBooter.main(ForkedBooter.java:103)
</failure>
    <system-out><![CDATA[we are inside get_timestamp method
Time in Milliseconds: 1558185999690
we are inside get_timestamp method
Time in Milliseconds: 1558185999751
we are inside get_timestamp method
Time in Milliseconds: 1558185999778
I am inside setup method and now calling open browser method
2019-05-18 18:56:40,015 INFO  [Log] Open Browser Successfully 
2019-05-18 18:56:44,417 INFO  [Log] Chrome Headless Browser initilized Successfully 
User load login Page Successfully
https://login.salesforce.com/
2019-05-18 18:56:58,677 INFO  [Log] URL load Successfully 
Open Browser and Load the URL
]]></system-out>
    <system-err><![CDATA[log4j:WARN No appenders could be found for logger (com.pfl.automation.utils.Log).
log4j:WARN Please initialize the log4j system properly.
Starting ChromeDriver 73.0.3683.68 (47787ec04b6e38e22703e856e101e840b65afe72) on port 26331
Only local connections are allowed.
Please protect ports used by ChromeDriver and related test frameworks to prevent access by malicious code.
May 18, 2019 6:56:44 PM org.openqa.selenium.remote.ProtocolHandshake createSession
INFO: Detected dialect: OSS
]]></system-err>
  </testcase>
  <testcase name="LogIn" classname="com.pfl.automation.org62.testcases.TS05_lightning" time="0">
    <skipped/>
  </testcase>
  <testcase name="LogIn" classname="com.pfl.automation.org62.testcases.TS05_lightning" time="0">
    <skipped/>
  </testcase>
  <testcase name="TS05_DataSet_Creation" classname="com.pfl.automation.org62.testcases.TS05_lightning" time="0">
    <skipped/>
  </testcase>
  <testcase name="Logout" classname="com.pfl.automation.org62.testcases.TS05_lightning" time="0">
    <skipped/>
  </testcase>
  <testcase name="Logout" classname="com.pfl.automation.org62.testcases.TS05_lightning" time="0">
    <skipped/>
  </testcase>
  <testcase name="Logout" classname="com.pfl.automation.org62.testcases.TS05_lightning" time="0">
    <skipped/>
  </testcase>
  <testcase name="TS05_verifying_send_swag_with_multiple_products" classname="com.pfl.automation.org62.testcases.TS05_lightning" time="0">
    <skipped/>
  </testcase>
  <testcase name="TS05_DataSet_Reset" classname="com.pfl.automation.org62.testcases.TS05_lightning" time="0">
    <skipped/>
  </testcase>
  <testcase name="tearDown" classname="com.pfl.automation.org62.testcases.TS05_lightning" time="0">
    <skipped/>
  </testcase>
  <testcase name="LogIn" classname="com.pfl.automation.org62.testcases.TS04_lightning" time="17.329">
    <failure type="java.lang.NullPointerException:">java.lang.NullPointerException: null
	at com.pfl.automation.base.BaseTest.LogIn(BaseTest.java:130)
	at sun.reflect.NativeMethodAccessorImpl.invoke0(Native Method)
	at sun.reflect.NativeMethodAccessorImpl.invoke(NativeMethodAccessorImpl.java:62)
	at sun.reflect.DelegatingMethodAccessorImpl.invoke(DelegatingMethodAccessorImpl.java:43)
	at java.lang.reflect.Method.invoke(Method.java:498)
	at org.testng.internal.MethodInvocationHelper.invokeMethod(MethodInvocationHelper.java:104)
	at org.testng.internal.Invoker.invokeConfigurationMethod(Invoker.java:515)
	at org.testng.internal.Invoker.invokeConfigurations(Invoker.java:217)
	at org.testng.internal.Invoker.invokeMethod(Invoker.java:590)
	at org.testng.internal.Invoker.invokeTestMethod(Invoker.java:851)
	at org.testng.internal.Invoker.invokeTestMethods(Invoker.java:1177)
	at org.testng.internal.TestMethodWorker.invokeTestMethods(TestMethodWorker.java:129)
	at org.testng.internal.TestMethodWorker.run(TestMethodWorker.java:112)
	at org.testng.TestRunner.privateRun(TestRunner.java:756)
	at org.testng.TestRunner.run(TestRunner.java:610)
	at org.testng.SuiteRunner.runTest(SuiteRunner.java:387)
	at org.testng.SuiteRunner.runSequentially(SuiteRunner.java:382)
	at org.testng.SuiteRunner.privateRun(SuiteRunner.java:340)
	at org.testng.SuiteRunner.run(SuiteRunner.java:289)
	at org.testng.SuiteRunnerWorker.runSuite(SuiteRunnerWorker.java:52)
	at org.testng.SuiteRunnerWorker.run(SuiteRunnerWorker.java:86)
	at org.testng.TestNG.runSuitesSequentially(TestNG.java:1293)
	at org.testng.TestNG.runSuitesLocally(TestNG.java:1218)
	at org.testng.TestNG.runSuites(TestNG.java:1133)
	at org.testng.TestNG.run(TestNG.java:1104)
	at org.apache.maven.surefire.testng.TestNGExecutor.run(TestNGExecutor.java:295)
	at org.apache.maven.surefire.testng.TestNGXmlTestSuite.execute(TestNGXmlTestSuite.java:84)
	at org.apache.maven.surefire.testng.TestNGProvider.invoke(TestNGProvider.java:90)
	at org.apache.maven.surefire.booter.ForkedBooter.invokeProviderInSameClassLoader(ForkedBooter.java:203)
	at org.apache.maven.surefire.booter.ForkedBooter.runSuitesInProcess(ForkedBooter.java:155)
	at org.apache.maven.surefire.booter.ForkedBooter.main(ForkedBooter.java:103)
</failure>
    <system-out><![CDATA[2019-05-18 18:56:58,932 INFO  [Log] Load Property File 
2019-05-18 18:56:58,932 INFO  [Log] Property File Initilized 
I am inside setup method and now calling open browser method
2019-05-18 18:56:58,943 INFO  [Log] Open Browser Successfully 
2019-05-18 18:57:02,364 INFO  [Log] Chrome Headless Browser initilized Successfully 
User load login Page Successfully
https://login.salesforce.com/
2019-05-18 18:57:16,175 INFO  [Log] URL load Successfully 
Open Browser and Load the URL
]]></system-out>
    <system-err><![CDATA[Starting ChromeDriver 73.0.3683.68 (47787ec04b6e38e22703e856e101e840b65afe72) on port 15638
Only local connections are allowed.
Please protect ports used by ChromeDriver and related test frameworks to prevent access by malicious code.
May 18, 2019 6:57:02 PM org.openqa.selenium.remote.ProtocolHandshake createSession
INFO: Detected dialect: OSS
]]></system-err>
  </testcase>
  <testcase name="LogIn" classname="com.pfl.automation.org62.testcases.TS04_lightning" time="0">
    <skipped/>
  </testcase>
  <testcase name="LogIn" classname="com.pfl.automation.org62.testcases.TS04_lightning" time="0">
    <skipped/>
  </testcase>
  <testcase name="create_setup_program" classname="com.pfl.automation.org62.testcases.TS04_lightning" time="0">
    <skipped/>
  </testcase>
  <testcase name="Logout" classname="com.pfl.automation.org62.testcases.TS04_lightning" time="0">
    <skipped/>
  </testcase>
  <testcase name="Logout" classname="com.pfl.automation.org62.testcases.TS04_lightning" time="0">
    <skipped/>
  </testcase>
  <testcase name="Logout" classname="com.pfl.automation.org62.testcases.TS04_lightning" time="0">
    <skipped/>
  </testcase>
  <testcase name="verifying_send_swag_with_campaign_association" classname="com.pfl.automation.org62.testcases.TS04_lightning" time="0">
    <skipped/>
  </testcase>
  <testcase name="delete_order_send_swag" classname="com.pfl.automation.org62.testcases.TS04_lightning" time="0">
    <skipped/>
  </testcase>
  <testcase name="tearDown" classname="com.pfl.automation.org62.testcases.TS04_lightning" time="0">
    <skipped/>
  </testcase>
  <testcase name="LogIn" classname="com.pfl.automation.org62.testcases.TS03_lightning" time="14.72">
    <failure type="java.lang.NullPointerException:">java.lang.NullPointerException: null
	at com.pfl.automation.base.BaseTest.LogIn(BaseTest.java:130)
	at sun.reflect.NativeMethodAccessorImpl.invoke0(Native Method)
	at sun.reflect.NativeMethodAccessorImpl.invoke(NativeMethodAccessorImpl.java:62)
	at sun.reflect.DelegatingMethodAccessorImpl.invoke(DelegatingMethodAccessorImpl.java:43)
	at java.lang.reflect.Method.invoke(Method.java:498)
	at org.testng.internal.MethodInvocationHelper.invokeMethod(MethodInvocationHelper.java:104)
	at org.testng.internal.Invoker.invokeConfigurationMethod(Invoker.java:515)
	at org.testng.internal.Invoker.invokeConfigurations(Invoker.java:217)
	at org.testng.internal.Invoker.invokeMethod(Invoker.java:590)
	at org.testng.internal.Invoker.invokeTestMethod(Invoker.java:851)
	at org.testng.internal.Invoker.invokeTestMethods(Invoker.java:1177)
	at org.testng.internal.TestMethodWorker.invokeTestMethods(TestMethodWorker.java:129)
	at org.testng.internal.TestMethodWorker.run(TestMethodWorker.java:112)
	at org.testng.TestRunner.privateRun(TestRunner.java:756)
	at org.testng.TestRunner.run(TestRunner.java:610)
	at org.testng.SuiteRunner.runTest(SuiteRunner.java:387)
	at org.testng.SuiteRunner.runSequentially(SuiteRunner.java:382)
	at org.testng.SuiteRunner.privateRun(SuiteRunner.java:340)
	at org.testng.SuiteRunner.run(SuiteRunner.java:289)
	at org.testng.SuiteRunnerWorker.runSuite(SuiteRunnerWorker.java:52)
	at org.testng.SuiteRunnerWorker.run(SuiteRunnerWorker.java:86)
	at org.testng.TestNG.runSuitesSequentially(TestNG.java:1293)
	at org.testng.TestNG.runSuitesLocally(TestNG.java:1218)
	at org.testng.TestNG.runSuites(TestNG.java:1133)
	at org.testng.TestNG.run(TestNG.java:1104)
	at org.apache.maven.surefire.testng.TestNGExecutor.run(TestNGExecutor.java:295)
	at org.apache.maven.surefire.testng.TestNGXmlTestSuite.execute(TestNGXmlTestSuite.java:84)
	at org.apache.maven.surefire.testng.TestNGProvider.invoke(TestNGProvider.java:90)
	at org.apache.maven.surefire.booter.ForkedBooter.invokeProviderInSameClassLoader(ForkedBooter.java:203)
	at org.apache.maven.surefire.booter.ForkedBooter.runSuitesInProcess(ForkedBooter.java:155)
	at org.apache.maven.surefire.booter.ForkedBooter.main(ForkedBooter.java:103)
</failure>
    <system-out><![CDATA[2019-05-18 18:57:16,199 INFO  [Log] Load Property File 
2019-05-18 18:57:16,199 INFO  [Log] Property File Initilized 
I am inside setup method and now calling open browser method
2019-05-18 18:57:16,210 INFO  [Log] Open Browser Successfully 
2019-05-18 18:57:18,519 INFO  [Log] Chrome Headless Browser initilized Successfully 
User load login Page Successfully
https://login.salesforce.com/
2019-05-18 18:57:30,940 INFO  [Log] URL load Successfully 
Open Browser and Load the URL
]]></system-out>
    <system-err><![CDATA[Starting ChromeDriver 73.0.3683.68 (47787ec04b6e38e22703e856e101e840b65afe72) on port 46814
Only local connections are allowed.
Please protect ports used by ChromeDriver and related test frameworks to prevent access by malicious code.
May 18, 2019 6:57:18 PM org.openqa.selenium.remote.ProtocolHandshake createSession
INFO: Detected dialect: OSS
]]></system-err>
  </testcase>
  <testcase name="LogIn" classname="com.pfl.automation.org62.testcases.TS03_lightning" time="0">
    <skipped/>
  </testcase>
  <testcase name="LogIn" classname="com.pfl.automation.org62.testcases.TS03_lightning" time="0">
    <skipped/>
  </testcase>
  <testcase name="LogIn" classname="com.pfl.automation.org62.testcases.TS03_lightning" time="0">
    <skipped/>
  </testcase>
  <testcase name="TS03_DataSet_Creation" classname="com.pfl.automation.org62.testcases.TS03_lightning" time="0">
    <skipped/>
  </testcase>
  <testcase name="Logout" classname="com.pfl.automation.org62.testcases.TS03_lightning" time="0">
    <skipped/>
  </testcase>
  <testcase name="Logout" classname="com.pfl.automation.org62.testcases.TS03_lightning" time="0">
    <skipped/>
  </testcase>
  <testcase name="Logout" classname="com.pfl.automation.org62.testcases.TS03_lightning" time="0">
    <skipped/>
  </testcase>
  <testcase name="Logout" classname="com.pfl.automation.org62.testcases.TS03_lightning" time="0">
    <skipped/>
  </testcase>
  <testcase name="TS03_01_verifying_contact_address_send_swag" classname="com.pfl.automation.org62.testcases.TS03_lightning" time="0">
    <skipped/>
  </testcase>
  <testcase name="TS03_02_verifying_account_address_end_swag" classname="com.pfl.automation.org62.testcases.TS03_lightning" time="0">
    <skipped/>
  </testcase>
  <testcase name="TS03_DataReset" classname="com.pfl.automation.org62.testcases.TS03_lightning" time="0">
    <skipped/>
  </testcase>
  <testcase name="tearDown" classname="com.pfl.automation.org62.testcases.TS03_lightning" time="0">
    <skipped/>
  </testcase>
  <testcase name="LogIn" classname="com.pfl.automation.org62.testcases.TS02_lightning" time="16.813">
    <failure type="java.lang.NullPointerException:">java.lang.NullPointerException: null
	at com.pfl.automation.base.BaseTest.LogIn(BaseTest.java:130)
	at sun.reflect.NativeMethodAccessorImpl.invoke0(Native Method)
	at sun.reflect.NativeMethodAccessorImpl.invoke(NativeMethodAccessorImpl.java:62)
	at sun.reflect.DelegatingMethodAccessorImpl.invoke(DelegatingMethodAccessorImpl.java:43)
	at java.lang.reflect.Method.invoke(Method.java:498)
	at org.testng.internal.MethodInvocationHelper.invokeMethod(MethodInvocationHelper.java:104)
	at org.testng.internal.Invoker.invokeConfigurationMethod(Invoker.java:515)
	at org.testng.internal.Invoker.invokeConfigurations(Invoker.java:217)
	at org.testng.internal.Invoker.invokeMethod(Invoker.java:590)
	at org.testng.internal.Invoker.invokeTestMethod(Invoker.java:851)
	at org.testng.internal.Invoker.invokeTestMethods(Invoker.java:1177)
	at org.testng.internal.TestMethodWorker.invokeTestMethods(TestMethodWorker.java:129)
	at org.testng.internal.TestMethodWorker.run(TestMethodWorker.java:112)
	at org.testng.TestRunner.privateRun(TestRunner.java:756)
	at org.testng.TestRunner.run(TestRunner.java:610)
	at org.testng.SuiteRunner.runTest(SuiteRunner.java:387)
	at org.testng.SuiteRunner.runSequentially(SuiteRunner.java:382)
	at org.testng.SuiteRunner.privateRun(SuiteRunner.java:340)
	at org.testng.SuiteRunner.run(SuiteRunner.java:289)
	at org.testng.SuiteRunnerWorker.runSuite(SuiteRunnerWorker.java:52)
	at org.testng.SuiteRunnerWorker.run(SuiteRunnerWorker.java:86)
	at org.testng.TestNG.runSuitesSequentially(TestNG.java:1293)
	at org.testng.TestNG.runSuitesLocally(TestNG.java:1218)
	at org.testng.TestNG.runSuites(TestNG.java:1133)
	at org.testng.TestNG.run(TestNG.java:1104)
	at org.apache.maven.surefire.testng.TestNGExecutor.run(TestNGExecutor.java:295)
	at org.apache.maven.surefire.testng.TestNGXmlTestSuite.execute(TestNGXmlTestSuite.java:84)
	at org.apache.maven.surefire.testng.TestNGProvider.invoke(TestNGProvider.java:90)
	at org.apache.maven.surefire.booter.ForkedBooter.invokeProviderInSameClassLoader(ForkedBooter.java:203)
	at org.apache.maven.surefire.booter.ForkedBooter.runSuitesInProcess(ForkedBooter.java:155)
	at org.apache.maven.surefire.booter.ForkedBooter.main(ForkedBooter.java:103)
</failure>
    <system-out><![CDATA[2019-05-18 18:57:30,975 INFO  [Log] Load Property File 
2019-05-18 18:57:30,976 INFO  [Log] Property File Initilized 
I am inside setup method and now calling open browser method
2019-05-18 18:57:31,010 INFO  [Log] Open Browser Successfully 
2019-05-18 18:57:33,203 INFO  [Log] Chrome Headless Browser initilized Successfully 
User load login Page Successfully
https://login.salesforce.com/
2019-05-18 18:57:47,731 INFO  [Log] URL load Successfully 
Open Browser and Load the URL
]]></system-out>
    <system-err><![CDATA[Starting ChromeDriver 73.0.3683.68 (47787ec04b6e38e22703e856e101e840b65afe72) on port 21799
Only local connections are allowed.
Please protect ports used by ChromeDriver and related test frameworks to prevent access by malicious code.
May 18, 2019 6:57:33 PM org.openqa.selenium.remote.ProtocolHandshake createSession
INFO: Detected dialect: OSS
]]></system-err>
  </testcase>
  <testcase name="TC01" classname="com.pfl.automation.org62.testcases.TS02_lightning" time="0">
    <skipped/>
  </testcase>
  <testcase name="Logout" classname="com.pfl.automation.org62.testcases.TS02_lightning" time="0">
    <skipped/>
  </testcase>
  <testcase name="tearDown" classname="com.pfl.automation.org62.testcases.TS02_lightning" time="0">
    <skipped/>
  </testcase>
</testsuite>